2025-12-13 13:39:59 - PID=10648 - INFO - cat_image_processor.py:302 - run_async() - === Starting cat image processing pipeline ===
2025-12-13 13:39:59 - PID=10648 - INFO - cat_image_processor.py:115 - download_data() - Starting image download (1)
2025-12-13 13:39:59 - PID=10648 - DEBUG - cat_image_processor.py:122 - download_data() - Requested 1 cats
2025-12-13 13:40:00 - PID=10648 - ERROR - cat_image_processor.py:314 - run_async() - Error in run_async: Cannot serialize non-str key None
2025-12-13 13:40:00 - PID=10648 - ERROR - main.py:30 - main() - Application failed with error: Cannot serialize non-str key None
2025-12-13 13:45:01 - PID=20488 - INFO - cat_image_processor.py:302 - run_async() - === Starting cat image processing pipeline ===
2025-12-13 13:45:01 - PID=20488 - INFO - cat_image_processor.py:115 - download_data() - Starting image download (1)
2025-12-13 13:45:01 - PID=20488 - DEBUG - cat_image_processor.py:122 - download_data() - Requested 1 cats
2025-12-13 13:45:01 - PID=20488 - ERROR - cat_image_processor.py:314 - run_async() - Error in run_async: Cannot serialize non-str key None
2025-12-13 13:45:01 - PID=20488 - ERROR - main.py:30 - main() - Application failed with error: Cannot serialize non-str key None
2025-12-13 13:46:20 - PID=1268 - INFO - cat_image_processor.py:298 - run_async() - === Starting cat image processing pipeline ===
2025-12-13 13:46:20 - PID=1268 - INFO - cat_image_processor.py:111 - download_data() - Starting image download (1)
2025-12-13 13:46:20 - PID=1268 - DEBUG - cat_image_processor.py:118 - download_data() - Requested 1 cats
2025-12-13 13:46:21 - PID=1268 - DEBUG - cat_image_processor.py:122 - download_data() - Received response with 1 cats
2025-12-13 13:46:21 - PID=1268 - DEBUG - cat_image_processor.py:125 - download_data() - Requesting cat images
2025-12-13 13:46:21 - PID=1268 - DEBUG - cat_image_processor.py:89 - _download_image() - Method _download_image called for image with index: 0
2025-12-13 13:46:51 - PID=1268 - ERROR - cat_image_processor.py:310 - run_async() - Error in run_async: 
2025-12-13 13:46:51 - PID=1268 - ERROR - main.py:30 - main() - Application failed with error: 
2025-12-13 13:56:39 - PID=12380 - INFO - cat_image_processor.py:298 - run_async() - === Starting cat image processing pipeline ===
2025-12-13 13:56:39 - PID=12380 - INFO - cat_image_processor.py:111 - download_data() - Starting image download (1)
2025-12-13 13:56:39 - PID=12380 - DEBUG - cat_image_processor.py:118 - download_data() - Requested 1 cats
2025-12-13 13:56:40 - PID=12380 - DEBUG - cat_image_processor.py:122 - download_data() - Received response with 1 cats
2025-12-13 13:56:40 - PID=12380 - DEBUG - cat_image_processor.py:125 - download_data() - Requesting cat images
2025-12-13 13:56:40 - PID=12380 - DEBUG - cat_image_processor.py:89 - _download_image() - Method _download_image called for image with index: 0
2025-12-13 13:57:10 - PID=12380 - ERROR - cat_image_processor.py:310 - run_async() - Error in run_async: 
2025-12-13 13:57:10 - PID=12380 - ERROR - main.py:30 - main() - Application failed with error: 
2025-12-13 14:09:04 - PID=14320 - INFO - cat_image_processor.py:298 - run_async() - === Starting cat image processing pipeline ===
2025-12-13 14:09:04 - PID=14320 - INFO - cat_image_processor.py:111 - download_data() - Starting image download (1)
2025-12-13 14:09:04 - PID=14320 - DEBUG - cat_image_processor.py:118 - download_data() - Requested 1 cats
2025-12-13 14:09:05 - PID=14320 - DEBUG - cat_image_processor.py:122 - download_data() - Received response with 1 cats
2025-12-13 14:09:05 - PID=14320 - DEBUG - cat_image_processor.py:125 - download_data() - Requesting cat images
2025-12-13 14:09:05 - PID=14320 - DEBUG - cat_image_processor.py:89 - _download_image() - Method _download_image called for image with index: 0
2025-12-13 15:55:05 - PID=18448 - INFO - cat_image_processor.py:296 - run_async() - === Starting cat image processing pipeline ===
2025-12-13 15:55:05 - PID=18448 - INFO - cat_image_processor.py:109 - download_data() - Starting image download (3)
2025-12-13 15:55:05 - PID=18448 - DEBUG - cat_image_processor.py:116 - download_data() - Requested 3 cats
2025-12-13 15:55:06 - PID=18448 - DEBUG - cat_image_processor.py:120 - download_data() - Received response with 3 cats
2025-12-13 15:55:06 - PID=18448 - DEBUG - cat_image_processor.py:123 - download_data() - Requesting cat images
2025-12-13 15:55:06 - PID=18448 - DEBUG - cat_image_processor.py:87 - _download_image() - Method _download_image called for image with index: 0
2025-12-13 15:55:06 - PID=18448 - DEBUG - cat_image_processor.py:87 - _download_image() - Method _download_image called for image with index: 1
2025-12-13 15:55:06 - PID=18448 - DEBUG - cat_image_processor.py:87 - _download_image() - Method _download_image called for image with index: 2
2025-12-13 15:55:06 - PID=18448 - DEBUG - cat_image_processor.py:87 - _download_image() - Method _download_image called for image with index: 3
2025-12-13 15:55:06 - PID=18448 - DEBUG - cat_image_processor.py:87 - _download_image() - Method _download_image called for image with index: 4
2025-12-13 15:55:06 - PID=18448 - DEBUG - cat_image_processor.py:87 - _download_image() - Method _download_image called for image with index: 5
2025-12-13 15:55:06 - PID=18448 - DEBUG - cat_image_processor.py:87 - _download_image() - Method _download_image called for image with index: 6
2025-12-13 15:55:06 - PID=18448 - DEBUG - cat_image_processor.py:87 - _download_image() - Method _download_image called for image with index: 7
2025-12-13 15:55:06 - PID=18448 - DEBUG - cat_image_processor.py:87 - _download_image() - Method _download_image called for image with index: 8
2025-12-13 15:55:06 - PID=18448 - DEBUG - cat_image_processor.py:87 - _download_image() - Method _download_image called for image with index: 9
2025-12-13 15:55:37 - PID=18448 - ERROR - cat_image_processor.py:308 - run_async() - Error in run_async: 
2025-12-13 15:55:37 - PID=18448 - ERROR - main.py:26 - main() - Application failed with error: 
2025-12-13 15:56:12 - PID=5056 - INFO - cat_image_processor.py:296 - run_async() - === Starting cat image processing pipeline ===
2025-12-13 15:56:12 - PID=5056 - INFO - cat_image_processor.py:109 - download_data() - Starting image download (3)
2025-12-13 15:56:12 - PID=5056 - DEBUG - cat_image_processor.py:116 - download_data() - Requested 3 cats
2025-12-13 15:56:13 - PID=5056 - DEBUG - cat_image_processor.py:120 - download_data() - Received response with 3 cats
2025-12-13 15:56:13 - PID=5056 - DEBUG - cat_image_processor.py:123 - download_data() - Requesting cat images
2025-12-13 15:56:13 - PID=5056 - DEBUG - cat_image_processor.py:87 - _download_image() - Method _download_image called for image with index: 0
2025-12-13 15:56:13 - PID=5056 - DEBUG - cat_image_processor.py:87 - _download_image() - Method _download_image called for image with index: 1
2025-12-13 15:56:13 - PID=5056 - DEBUG - cat_image_processor.py:87 - _download_image() - Method _download_image called for image with index: 2
2025-12-13 15:56:13 - PID=5056 - DEBUG - cat_image_processor.py:87 - _download_image() - Method _download_image called for image with index: 3
2025-12-13 15:56:13 - PID=5056 - DEBUG - cat_image_processor.py:87 - _download_image() - Method _download_image called for image with index: 4
2025-12-13 15:56:13 - PID=5056 - DEBUG - cat_image_processor.py:87 - _download_image() - Method _download_image called for image with index: 5
2025-12-13 15:56:13 - PID=5056 - DEBUG - cat_image_processor.py:87 - _download_image() - Method _download_image called for image with index: 6
2025-12-13 15:56:13 - PID=5056 - DEBUG - cat_image_processor.py:87 - _download_image() - Method _download_image called for image with index: 7
2025-12-13 15:56:13 - PID=5056 - DEBUG - cat_image_processor.py:87 - _download_image() - Method _download_image called for image with index: 8
2025-12-13 15:56:13 - PID=5056 - DEBUG - cat_image_processor.py:87 - _download_image() - Method _download_image called for image with index: 9
2025-12-13 15:56:43 - PID=5056 - ERROR - cat_image_processor.py:308 - run_async() - Error in run_async: 
2025-12-13 15:56:43 - PID=5056 - ERROR - main.py:26 - main() - Application failed with error: 
2025-12-13 16:22:56 - PID=4732 - INFO - cat_image_processor.py:296 - run_async() - === Starting cat image processing pipeline ===
2025-12-13 16:22:56 - PID=4732 - INFO - cat_image_processor.py:109 - download_data() - Starting image download (3)
2025-12-13 16:22:56 - PID=4732 - DEBUG - cat_image_processor.py:116 - download_data() - Requested 3 cats
2025-12-13 16:22:57 - PID=4732 - DEBUG - cat_image_processor.py:120 - download_data() - Received response with 3 cats
2025-12-13 16:22:57 - PID=4732 - DEBUG - cat_image_processor.py:123 - download_data() - Requesting cat images
2025-12-13 16:22:57 - PID=4732 - DEBUG - cat_image_processor.py:87 - _download_image() - Method _download_image called for image with index: 0
2025-12-13 16:22:57 - PID=4732 - DEBUG - cat_image_processor.py:87 - _download_image() - Method _download_image called for image with index: 1
2025-12-13 16:22:57 - PID=4732 - DEBUG - cat_image_processor.py:87 - _download_image() - Method _download_image called for image with index: 2
2025-12-13 16:22:57 - PID=4732 - DEBUG - cat_image_processor.py:87 - _download_image() - Method _download_image called for image with index: 3
2025-12-13 16:22:57 - PID=4732 - DEBUG - cat_image_processor.py:87 - _download_image() - Method _download_image called for image with index: 4
2025-12-13 16:22:57 - PID=4732 - DEBUG - cat_image_processor.py:87 - _download_image() - Method _download_image called for image with index: 5
2025-12-13 16:22:57 - PID=4732 - DEBUG - cat_image_processor.py:87 - _download_image() - Method _download_image called for image with index: 6
2025-12-13 16:22:57 - PID=4732 - DEBUG - cat_image_processor.py:87 - _download_image() - Method _download_image called for image with index: 7
2025-12-13 16:22:57 - PID=4732 - DEBUG - cat_image_processor.py:87 - _download_image() - Method _download_image called for image with index: 8
2025-12-13 16:22:57 - PID=4732 - DEBUG - cat_image_processor.py:87 - _download_image() - Method _download_image called for image with index: 9
2025-12-13 16:22:59 - PID=4732 - DEBUG - cat_image_processor.py:95 - _download_image() - Method _download_image for image#8 executed in 1.30 seconds
2025-12-13 16:23:28 - PID=4732 - ERROR - cat_image_processor.py:308 - run_async() - Error in run_async: 
2025-12-13 16:23:28 - PID=4732 - ERROR - main.py:28 - main() - Application failed with error: 
2025-12-13 16:23:35 - PID=14640 - INFO - cat_image_processor.py:296 - run_async() - === Starting cat image processing pipeline ===
2025-12-13 16:23:35 - PID=14640 - INFO - cat_image_processor.py:109 - download_data() - Starting image download (3)
2025-12-13 16:23:35 - PID=14640 - DEBUG - cat_image_processor.py:116 - download_data() - Requested 3 cats
2025-12-13 16:23:36 - PID=14640 - DEBUG - cat_image_processor.py:120 - download_data() - Received response with 3 cats
2025-12-13 16:23:36 - PID=14640 - DEBUG - cat_image_processor.py:123 - download_data() - Requesting cat images
2025-12-13 16:23:36 - PID=14640 - DEBUG - cat_image_processor.py:87 - _download_image() - Method _download_image called for image with index: 0
2025-12-13 16:23:36 - PID=14640 - DEBUG - cat_image_processor.py:87 - _download_image() - Method _download_image called for image with index: 1
2025-12-13 16:23:36 - PID=14640 - DEBUG - cat_image_processor.py:87 - _download_image() - Method _download_image called for image with index: 2
2025-12-13 16:23:36 - PID=14640 - DEBUG - cat_image_processor.py:87 - _download_image() - Method _download_image called for image with index: 3
2025-12-13 16:23:36 - PID=14640 - DEBUG - cat_image_processor.py:87 - _download_image() - Method _download_image called for image with index: 4
2025-12-13 16:23:36 - PID=14640 - DEBUG - cat_image_processor.py:87 - _download_image() - Method _download_image called for image with index: 5
2025-12-13 16:23:36 - PID=14640 - DEBUG - cat_image_processor.py:87 - _download_image() - Method _download_image called for image with index: 6
2025-12-13 16:23:36 - PID=14640 - DEBUG - cat_image_processor.py:87 - _download_image() - Method _download_image called for image with index: 7
2025-12-13 16:23:36 - PID=14640 - DEBUG - cat_image_processor.py:87 - _download_image() - Method _download_image called for image with index: 8
2025-12-13 16:23:36 - PID=14640 - DEBUG - cat_image_processor.py:87 - _download_image() - Method _download_image called for image with index: 9
2025-12-13 16:24:06 - PID=14640 - ERROR - cat_image_processor.py:308 - run_async() - Error in run_async: 
2025-12-13 16:24:06 - PID=14640 - ERROR - main.py:28 - main() - Application failed with error: 
2025-12-13 16:31:47 - PID=24752 - INFO - cat_image_processor.py:296 - run_async() - === Starting cat image processing pipeline ===
2025-12-13 16:31:47 - PID=24752 - INFO - cat_image_processor.py:109 - download_data() - Starting image download (3)
2025-12-13 16:31:47 - PID=24752 - DEBUG - cat_image_processor.py:116 - download_data() - Requested 3 cats
2025-12-13 16:31:48 - PID=24752 - DEBUG - cat_image_processor.py:120 - download_data() - Received response with 3 cats
2025-12-13 16:31:48 - PID=24752 - DEBUG - cat_image_processor.py:123 - download_data() - Requesting cat images
2025-12-13 16:31:48 - PID=24752 - DEBUG - cat_image_processor.py:87 - _download_image() - Method _download_image called for image with index: 0
2025-12-13 16:31:48 - PID=24752 - DEBUG - cat_image_processor.py:87 - _download_image() - Method _download_image called for image with index: 1
2025-12-13 16:31:48 - PID=24752 - DEBUG - cat_image_processor.py:87 - _download_image() - Method _download_image called for image with index: 2
2025-12-13 16:31:48 - PID=24752 - DEBUG - cat_image_processor.py:87 - _download_image() - Method _download_image called for image with index: 3
2025-12-13 16:31:48 - PID=24752 - DEBUG - cat_image_processor.py:87 - _download_image() - Method _download_image called for image with index: 4
2025-12-13 16:31:48 - PID=24752 - DEBUG - cat_image_processor.py:87 - _download_image() - Method _download_image called for image with index: 5
2025-12-13 16:31:48 - PID=24752 - DEBUG - cat_image_processor.py:87 - _download_image() - Method _download_image called for image with index: 6
2025-12-13 16:31:48 - PID=24752 - DEBUG - cat_image_processor.py:87 - _download_image() - Method _download_image called for image with index: 7
2025-12-13 16:31:48 - PID=24752 - DEBUG - cat_image_processor.py:87 - _download_image() - Method _download_image called for image with index: 8
2025-12-13 16:31:48 - PID=24752 - DEBUG - cat_image_processor.py:87 - _download_image() - Method _download_image called for image with index: 9
2025-12-13 16:32:19 - PID=24752 - ERROR - cat_image_processor.py:308 - run_async() - Error in run_async: 
2025-12-13 17:08:44 - PID=11404 - INFO - cat_image_processor.py:296 - run_async() - === Starting cat image processing pipeline ===
2025-12-13 17:08:44 - PID=11404 - INFO - cat_image_processor.py:109 - download_data() - Starting image download (3)
2025-12-13 17:08:44 - PID=11404 - DEBUG - cat_image_processor.py:116 - download_data() - Requested 3 cats
2025-12-13 17:08:45 - PID=11404 - DEBUG - cat_image_processor.py:120 - download_data() - Received response with 3 cats
2025-12-13 17:08:45 - PID=11404 - DEBUG - cat_image_processor.py:123 - download_data() - Requesting cat images
2025-12-13 17:08:45 - PID=11404 - DEBUG - cat_image_processor.py:87 - _download_image() - Method _download_image called for image with index: 0
2025-12-13 17:08:45 - PID=11404 - DEBUG - cat_image_processor.py:87 - _download_image() - Method _download_image called for image with index: 1
2025-12-13 17:08:45 - PID=11404 - DEBUG - cat_image_processor.py:87 - _download_image() - Method _download_image called for image with index: 2
2025-12-13 17:08:45 - PID=11404 - DEBUG - cat_image_processor.py:87 - _download_image() - Method _download_image called for image with index: 3
2025-12-13 17:08:45 - PID=11404 - DEBUG - cat_image_processor.py:87 - _download_image() - Method _download_image called for image with index: 4
2025-12-13 17:08:45 - PID=11404 - DEBUG - cat_image_processor.py:87 - _download_image() - Method _download_image called for image with index: 5
2025-12-13 17:08:45 - PID=11404 - DEBUG - cat_image_processor.py:87 - _download_image() - Method _download_image called for image with index: 6
2025-12-13 17:08:45 - PID=11404 - DEBUG - cat_image_processor.py:87 - _download_image() - Method _download_image called for image with index: 7
2025-12-13 17:08:45 - PID=11404 - DEBUG - cat_image_processor.py:87 - _download_image() - Method _download_image called for image with index: 8
2025-12-13 17:08:45 - PID=11404 - DEBUG - cat_image_processor.py:87 - _download_image() - Method _download_image called for image with index: 9
2025-12-13 17:09:15 - PID=11404 - ERROR - cat_image_processor.py:308 - run_async() - Error in run_async: 
