2025-12-13 16:28:37 - PID=10400 - INFO - __main__.py:32 - main() - Запуск библиотеки async_processing_lib с limit=3
2025-12-13 16:28:37 - PID=10400 - INFO - cat_image_processor.py:296 - run_async() - === Starting cat image processing pipeline ===
2025-12-13 16:28:37 - PID=10400 - INFO - cat_image_processor.py:109 - download_data() - Starting image download (3)
2025-12-13 16:28:37 - PID=10400 - DEBUG - cat_image_processor.py:116 - download_data() - Requested 3 cats
2025-12-13 16:28:38 - PID=10400 - DEBUG - cat_image_processor.py:120 - download_data() - Received response with 3 cats
2025-12-13 16:28:38 - PID=10400 - DEBUG - cat_image_processor.py:123 - download_data() - Requesting cat images
2025-12-13 16:28:38 - PID=10400 - DEBUG - cat_image_processor.py:87 - _download_image() - Method _download_image called for image with index: 0
2025-12-13 16:28:38 - PID=10400 - DEBUG - cat_image_processor.py:87 - _download_image() - Method _download_image called for image with index: 1
2025-12-13 16:28:38 - PID=10400 - DEBUG - cat_image_processor.py:87 - _download_image() - Method _download_image called for image with index: 2
2025-12-13 16:28:38 - PID=10400 - DEBUG - cat_image_processor.py:87 - _download_image() - Method _download_image called for image with index: 3
2025-12-13 16:28:38 - PID=10400 - DEBUG - cat_image_processor.py:87 - _download_image() - Method _download_image called for image with index: 4
2025-12-13 16:28:38 - PID=10400 - DEBUG - cat_image_processor.py:87 - _download_image() - Method _download_image called for image with index: 5
2025-12-13 16:28:38 - PID=10400 - DEBUG - cat_image_processor.py:87 - _download_image() - Method _download_image called for image with index: 6
2025-12-13 16:28:38 - PID=10400 - DEBUG - cat_image_processor.py:87 - _download_image() - Method _download_image called for image with index: 7
2025-12-13 16:28:38 - PID=10400 - DEBUG - cat_image_processor.py:87 - _download_image() - Method _download_image called for image with index: 8
2025-12-13 16:28:38 - PID=10400 - DEBUG - cat_image_processor.py:87 - _download_image() - Method _download_image called for image with index: 9
2025-12-13 16:28:39 - PID=10400 - DEBUG - cat_image_processor.py:95 - _download_image() - Method _download_image for image#7 executed in 1.32 seconds
2025-12-13 16:29:08 - PID=10400 - ERROR - cat_image_processor.py:308 - run_async() - Error in run_async: 
2025-12-13 16:29:08 - PID=10400 - ERROR - __main__.py:37 - main() - Ошибка в библиотеке: 
2025-12-13 16:30:01 - PID=68 - INFO - __main__.py:32 - main() - Запуск библиотеки async_processing_lib с limit=3
2025-12-13 16:30:01 - PID=68 - INFO - cat_image_processor.py:296 - run_async() - === Starting cat image processing pipeline ===
2025-12-13 16:30:01 - PID=68 - INFO - cat_image_processor.py:109 - download_data() - Starting image download (3)
2025-12-13 16:30:01 - PID=68 - DEBUG - cat_image_processor.py:116 - download_data() - Requested 3 cats
2025-12-13 16:30:02 - PID=68 - DEBUG - cat_image_processor.py:120 - download_data() - Received response with 3 cats
2025-12-13 16:30:02 - PID=68 - DEBUG - cat_image_processor.py:123 - download_data() - Requesting cat images
2025-12-13 16:30:02 - PID=68 - DEBUG - cat_image_processor.py:87 - _download_image() - Method _download_image called for image with index: 0
2025-12-13 16:30:02 - PID=68 - DEBUG - cat_image_processor.py:87 - _download_image() - Method _download_image called for image with index: 1
2025-12-13 16:30:02 - PID=68 - DEBUG - cat_image_processor.py:87 - _download_image() - Method _download_image called for image with index: 2
2025-12-13 16:30:02 - PID=68 - DEBUG - cat_image_processor.py:87 - _download_image() - Method _download_image called for image with index: 3
2025-12-13 16:30:02 - PID=68 - DEBUG - cat_image_processor.py:87 - _download_image() - Method _download_image called for image with index: 4
2025-12-13 16:30:02 - PID=68 - DEBUG - cat_image_processor.py:87 - _download_image() - Method _download_image called for image with index: 5
2025-12-13 16:30:02 - PID=68 - DEBUG - cat_image_processor.py:87 - _download_image() - Method _download_image called for image with index: 6
2025-12-13 16:30:02 - PID=68 - DEBUG - cat_image_processor.py:87 - _download_image() - Method _download_image called for image with index: 7
2025-12-13 16:30:02 - PID=68 - DEBUG - cat_image_processor.py:87 - _download_image() - Method _download_image called for image with index: 8
2025-12-13 16:30:02 - PID=68 - DEBUG - cat_image_processor.py:87 - _download_image() - Method _download_image called for image with index: 9
2025-12-13 16:30:03 - PID=68 - DEBUG - TiffImagePlugin.py:862 - load() - tag: Software (305) - type: string (2) Tag Location: 22 - Data Location: 38 - value: b'Google\x00'
2025-12-13 16:30:03 - PID=68 - DEBUG - TiffImagePlugin.py:862 - load() - tag: ExifIFD (34665) - type: long (4) - value: b'.\x00\x00\x00'
2025-12-13 16:30:03 - PID=68 - DEBUG - cat_image_processor.py:95 - _download_image() - Method _download_image for image#2 executed in 0.81 seconds
2025-12-13 16:30:33 - PID=68 - ERROR - cat_image_processor.py:308 - run_async() - Error in run_async: 
2025-12-13 16:30:33 - PID=68 - ERROR - __main__.py:37 - main() - Ошибка в библиотеке: 
